{"level":"info","message":"Admin account already exists","timestamp":"2024-11-08T17:11:28.714Z"}
{"level":"info","message":"Admin account already exists","timestamp":"2024-11-08T17:15:13.042Z"}
{"level":"info","message":"Admin account already exists","timestamp":"2024-11-08T17:26:14.975Z"}
{"level":"info","message":"Admin account already exists","timestamp":"2024-11-08T17:29:34.386Z"}
{"level":"info","message":"Admin account already exists","timestamp":"2024-11-08T17:35:31.306Z"}
{"level":"info","message":"Admin account already exists","timestamp":"2024-11-08T17:36:17.729Z"}
{"level":"info","message":"Admin account already exists","timestamp":"2024-11-08T17:38:14.275Z"}
{"level":"info","message":"Admin account already exists","timestamp":"2024-11-08T17:50:00.987Z"}
{"level":"info","message":"Admin account already exists","timestamp":"2024-11-08T17:57:30.051Z"}
{"level":"info","message":"Admin account already exists","timestamp":"2024-11-08T18:00:06.494Z"}
{"level":"info","message":"Admin account already exists","timestamp":"2024-11-08T18:01:11.889Z"}
{"level":"info","message":"Admin account already exists","timestamp":"2024-11-08T18:01:29.098Z"}
{"level":"info","message":"Admin account already exists","timestamp":"2024-11-08T18:06:19.162Z"}
{"level":"info","message":"Admin account already exists","timestamp":"2024-11-08T18:06:23.222Z"}
{"level":"info","message":"Admin account already exists","timestamp":"2024-11-08T18:06:28.804Z"}
{"level":"info","message":"Admin account already exists","timestamp":"2024-11-08T18:07:16.090Z"}
{"level":"info","message":"Admin account already exists","timestamp":"2024-11-08T18:09:00.908Z"}
{"level":"info","message":"Admin account already exists","timestamp":"2024-11-08T18:09:44.734Z"}
{"level":"info","message":"Admin account already exists","timestamp":"2024-11-08T18:11:19.323Z"}
{"level":"info","message":"Admin account already exists","timestamp":"2024-11-08T18:11:49.790Z"}
{"level":"info","message":"Admin account already exists","timestamp":"2024-11-08T18:12:48.771Z"}
{"level":"info","message":"Admin account already exists","timestamp":"2024-11-08T18:13:19.248Z"}
{"level":"info","message":"Admin account already exists","timestamp":"2024-11-08T18:13:55.711Z"}
{"level":"info","message":"Admin account already exists","timestamp":"2024-11-08T18:16:26.046Z"}
{"level":"info","message":"Admin account already exists","timestamp":"2024-11-08T18:16:48.208Z"}
{"level":"info","message":"Admin account already exists","timestamp":"2024-11-08T18:17:13.222Z"}
{"level":"info","message":"Admin account already exists","timestamp":"2024-11-08T18:17:23.448Z"}
{"level":"info","message":"Admin account already exists","timestamp":"2024-11-08T18:20:03.221Z"}
{"level":"info","message":"Admin account already exists","timestamp":"2024-11-08T18:21:34.538Z"}
{"level":"info","message":"Admin account already exists","timestamp":"2024-11-08T18:23:51.857Z"}
{"level":"info","message":"Admin account already exists","timestamp":"2024-11-08T18:24:18.580Z"}
{"level":"info","message":"Admin account already exists","timestamp":"2024-11-08T18:26:07.716Z"}
{"level":"info","message":"Admin account already exists","timestamp":"2024-11-08T18:26:35.153Z"}
{"level":"info","message":"Admin account already exists","timestamp":"2024-11-08T18:26:40.892Z"}
{"level":"info","message":"Admin account already exists","timestamp":"2024-11-08T18:30:58.682Z"}
{"level":"info","message":"Admin account already exists","timestamp":"2024-11-08T18:31:53.426Z"}
{"level":"info","message":"Admin account already exists","timestamp":"2024-11-08T18:32:44.861Z"}
{"level":"info","message":"Admin account already exists","timestamp":"2024-11-08T18:33:07.023Z"}
{"level":"info","message":"Admin account already exists","timestamp":"2024-11-08T18:34:37.720Z"}
{"level":"info","message":"Admin account already exists","timestamp":"2024-11-08T18:34:42.162Z"}
{"level":"info","message":"Admin account already exists","timestamp":"2024-11-08T18:37:41.387Z"}
{"level":"info","message":"Admin account already exists","timestamp":"2024-11-08T18:37:55.073Z"}
{"level":"info","message":"Admin account already exists","timestamp":"2024-11-08T18:42:33.582Z"}
{"level":"info","message":"Admin account already exists","timestamp":"2024-11-08T18:42:43.964Z"}
{"level":"info","message":"Admin account already exists","timestamp":"2024-11-08T18:44:17.567Z"}
{"level":"info","message":"Admin account already exists","timestamp":"2024-11-08T18:46:15.837Z"}
{"level":"info","message":"Admin account already exists","timestamp":"2024-11-08T18:48:29.108Z"}
{"level":"info","message":"Admin account already exists","timestamp":"2024-11-08T18:50:23.419Z"}
{"level":"info","message":"Admin account already exists","timestamp":"2024-11-08T18:53:03.989Z"}
{"level":"info","message":"Admin account already exists","timestamp":"2024-11-08T18:54:27.264Z"}
{"level":"info","message":"Admin account already exists","timestamp":"2024-11-08T18:56:18.914Z"}
{"level":"info","message":"Admin account already exists","timestamp":"2024-11-08T18:56:32.126Z"}
{"level":"info","message":"Admin account already exists","timestamp":"2024-11-08T19:05:33.378Z"}
{"level":"info","message":"Admin account already exists","timestamp":"2024-11-08T19:07:04.220Z"}
{"level":"info","message":"Admin account already exists","timestamp":"2024-11-08T19:08:34.253Z"}
{"level":"info","message":"Admin account already exists","timestamp":"2024-11-08T19:09:06.294Z"}
{"level":"info","message":"Admin account already exists","timestamp":"2024-11-08T19:12:07.064Z"}
{"level":"info","message":"Admin account already exists","timestamp":"2024-11-08T19:16:46.961Z"}
{"level":"info","message":"Admin account already exists","timestamp":"2024-11-08T19:17:48.413Z"}
{"level":"info","message":"Admin account already exists","timestamp":"2024-11-08T19:19:36.383Z"}
{"level":"info","message":"Admin account already exists","timestamp":"2024-11-08T19:22:17.004Z"}
{"level":"info","message":"Admin account already exists","timestamp":"2024-11-08T19:26:56.959Z"}
{"level":"info","message":"Admin account already exists","timestamp":"2024-11-08T19:27:42.674Z"}
{"level":"info","message":"Admin account already exists","timestamp":"2024-11-08T19:29:04.038Z"}
{"level":"info","message":"Admin account already exists","timestamp":"2024-11-08T19:29:09.242Z"}
{"level":"info","message":"Admin account already exists","timestamp":"2024-11-08T19:34:48.397Z"}
{"level":"info","message":"Admin account already exists","timestamp":"2024-11-08T19:37:06.609Z"}
{"level":"info","message":"Admin account already exists","timestamp":"2024-11-08T19:37:24.607Z"}
{"level":"info","message":"Admin account already exists","timestamp":"2024-11-09T08:42:03.244Z"}
{"level":"info","message":"Admin account already exists","timestamp":"2024-11-09T08:43:58.613Z"}
{"level":"info","message":"Admin account already exists","timestamp":"2024-11-09T08:45:39.238Z"}
{"level":"info","message":"Admin account already exists","timestamp":"2024-11-09T10:26:21.624Z"}
{"level":"info","message":"Admin account already exists","timestamp":"2024-11-09T10:27:14.564Z"}
{"level":"info","message":"Admin account already exists","timestamp":"2024-11-09T11:02:17.577Z"}
{"level":"info","message":"Admin account already exists","timestamp":"2024-11-09T12:55:49.044Z"}
{"level":"info","message":"Admin account already exists","timestamp":"2024-11-09T13:05:24.668Z"}
{"level":"info","message":"Admin account already exists","timestamp":"2024-11-09T14:10:55.124Z"}
{"level":"info","message":"Admin account already exists","timestamp":"2024-11-09T14:56:50.333Z"}
{"level":"info","message":"Admin account already exists","timestamp":"2024-11-09T14:59:35.683Z"}
{"level":"info","message":"Admin account already exists","timestamp":"2024-11-09T14:59:39.902Z"}
{"level":"info","message":"Admin account already exists","timestamp":"2024-11-09T15:02:03.452Z"}
{"level":"info","message":"Admin account already exists","timestamp":"2024-11-09T15:04:20.340Z"}
{"level":"info","message":"Admin account already exists","timestamp":"2024-11-09T15:07:24.814Z"}
{"level":"info","message":"Admin account already exists","timestamp":"2024-11-09T15:08:52.138Z"}
{"level":"info","message":"Admin account already exists","timestamp":"2024-11-09T15:09:01.771Z"}
{"level":"info","message":"Admin account already exists","timestamp":"2024-11-09T17:22:43.052Z"}
{"level":"info","message":"Admin account already exists","timestamp":"2024-11-09T17:24:56.201Z"}
{"level":"info","message":"Admin account already exists","timestamp":"2024-11-09T18:19:17.541Z"}
{"level":"info","message":"Admin account already exists","timestamp":"2024-11-09T18:27:11.361Z"}
{"level":"info","message":"Admin account already exists","timestamp":"2024-11-09T18:28:27.361Z"}
{"level":"info","message":"Admin account already exists","timestamp":"2024-11-09T18:28:55.827Z"}
{"level":"info","message":"Admin account already exists","timestamp":"2024-11-09T18:32:17.503Z"}
{"level":"info","message":"Admin account already exists","timestamp":"2024-11-09T18:35:41.791Z"}
{"details":null,"level":"error","status":"error","statusCode":500,"timestamp":"2024-11-09T18:35:44.697Z"}
{"level":"info","message":"Admin account already exists","timestamp":"2024-11-09T18:36:36.677Z"}
{"level":"info","message":"Admin account already exists","timestamp":"2024-11-09T18:36:41.908Z"}
{"level":"info","message":"Admin account already exists","timestamp":"2024-11-09T18:38:34.565Z"}
{"level":"error","timestamp":"2024-11-09T18:38:36.974Z"}
{"details":null,"level":"error","status":"error","statusCode":500,"timestamp":"2024-11-09T18:38:36.975Z"}
{"level":"info","message":"Admin account already exists","timestamp":"2024-11-09T18:39:18.130Z"}
{"level":"info","message":"Admin account already exists","timestamp":"2024-11-09T18:39:44.286Z"}
{"level":"error","timestamp":"2024-11-09T18:40:17.494Z"}
{"details":null,"level":"error","status":"error","statusCode":500,"timestamp":"2024-11-09T18:40:17.498Z"}
{"level":"error","timestamp":"2024-11-09T18:41:14.478Z"}
{"details":null,"level":"error","status":"error","statusCode":500,"timestamp":"2024-11-09T18:41:14.481Z"}
{"level":"error","timestamp":"2024-11-09T18:41:33.608Z"}
{"details":null,"level":"error","status":"error","statusCode":500,"timestamp":"2024-11-09T18:41:33.610Z"}
{"level":"error","timestamp":"2024-11-09T18:41:40.498Z"}
{"details":null,"level":"error","status":"error","statusCode":500,"timestamp":"2024-11-09T18:41:40.500Z"}
{"level":"error","timestamp":"2024-11-09T18:43:19.344Z"}
{"details":null,"level":"error","status":"error","statusCode":500,"timestamp":"2024-11-09T18:43:19.347Z"}
{"level":"info","message":"Admin account already exists","timestamp":"2024-11-09T18:43:22.722Z"}
{"level":"error","message":"Error generating authentication options: Cast to ObjectId failed for value \"{\n  keyId: '672f7b34fb8d9f28838c7780',\n  revokedBy: '672deebf288fa5fed50a8841'\n}\" (type Object) at path \"_id\" for model \"SecurityKey\"","timestamp":"2024-11-09T18:43:30.461Z"}
{"details":null,"level":"error","status":"error","statusCode":500,"timestamp":"2024-11-09T18:43:30.462Z"}
{"level":"info","message":"Admin account already exists","timestamp":"2024-11-09T18:45:41.639Z"}
{"level":"error","message":"Error generating authentication options: Cast to ObjectId failed for value \"{\n  keyId: '672f7b34fb8d9f28838c7780',\n  revokedBy: '672deebf288fa5fed50a8841'\n}\" (type Object) at path \"_id\" for model \"SecurityKey\"","timestamp":"2024-11-09T18:45:47.144Z"}
{"details":null,"level":"error","status":"error","statusCode":500,"timestamp":"2024-11-09T18:45:47.144Z"}
{"level":"info","message":"Admin account already exists","timestamp":"2024-11-09T18:48:06.981Z"}
{"level":"info","message":"Admin account already exists","timestamp":"2024-11-09T18:48:24.291Z"}
{"level":"error","message":"Error generating authentication options: Cast to ObjectId failed for value \"{\n  keyId: '672f7b34fb8d9f28838c7780',\n  revokedBy: '672deebf288fa5fed50a8841'\n}\" (type Object) at path \"_id\" for model \"SecurityKey\"","timestamp":"2024-11-09T18:48:31.486Z"}
{"details":null,"level":"error","status":"error","statusCode":500,"timestamp":"2024-11-09T18:48:31.487Z"}
{"level":"info","message":"Admin account already exists","timestamp":"2024-11-09T18:49:07.456Z"}
{"level":"error","message":"No security keys assigned to this user","timestamp":"2024-11-09T18:50:22.130Z"}
{"level":"error","message":"Error generating authentication options: No security keys assigned to this user","timestamp":"2024-11-09T18:50:22.132Z"}
{"details":null,"level":"error","status":"error","statusCode":500,"timestamp":"2024-11-09T18:50:22.132Z"}
{"level":"error","message":"No security keys assigned to this user","timestamp":"2024-11-09T18:50:25.464Z"}
{"level":"error","message":"Error generating authentication options: No security keys assigned to this user","timestamp":"2024-11-09T18:50:25.466Z"}
{"details":null,"level":"error","status":"error","statusCode":500,"timestamp":"2024-11-09T18:50:25.467Z"}
{"level":"error","message":"Error verifying registration: this.isAvailableForAssignment is not a function","timestamp":"2024-11-09T18:50:35.491Z"}
{"details":null,"level":"error","status":"error","statusCode":500,"timestamp":"2024-11-09T18:50:35.492Z"}
{"level":"info","message":"Admin account already exists","timestamp":"2024-11-09T18:51:12.796Z"}
{"level":"info","message":"Admin account already exists","timestamp":"2024-11-09T19:14:11.447Z"}
{"level":"error","message":"No security key","timestamp":"2024-11-09T19:16:00.238Z"}
{"level":"error","message":"Error generating authentication options: No security key","timestamp":"2024-11-09T19:16:00.239Z"}
{"details":null,"level":"error","status":"error","statusCode":500,"timestamp":"2024-11-09T19:16:00.240Z"}
{"level":"error","message":"No security key","timestamp":"2024-11-09T19:16:05.826Z"}
{"level":"error","message":"Error generating authentication options: No security key","timestamp":"2024-11-09T19:16:05.828Z"}
{"details":null,"level":"error","status":"error","statusCode":500,"timestamp":"2024-11-09T19:16:05.828Z"}
{"level":"error","message":"No security key","timestamp":"2024-11-09T19:16:06.999Z"}
{"level":"error","message":"Error generating authentication options: No security key","timestamp":"2024-11-09T19:16:07.001Z"}
{"details":null,"level":"error","status":"error","statusCode":500,"timestamp":"2024-11-09T19:16:07.001Z"}
{"level":"error","message":"No security key","timestamp":"2024-11-09T19:16:59.595Z"}
{"level":"error","message":"Error generating authentication options: No security key","timestamp":"2024-11-09T19:16:59.595Z"}
{"details":null,"level":"error","status":"error","statusCode":500,"timestamp":"2024-11-09T19:16:59.596Z"}
{"level":"info","message":"Admin account already exists","timestamp":"2024-11-09T19:23:36.432Z"}
{"level":"info","message":"Admin account already exists","timestamp":"2024-11-09T19:24:54.765Z"}
{"level":"info","message":"Admin account already exists","timestamp":"2024-11-09T19:26:56.442Z"}
{"level":"info","message":"Admin account already exists","timestamp":"2024-11-09T19:28:21.179Z"}
{"level":"info","message":"Admin account already exists","timestamp":"2024-11-09T19:29:04.682Z"}
{"level":"info","message":"Admin account already exists","timestamp":"2024-11-09T19:31:26.240Z"}
{"level":"info","message":"Admin account already exists","timestamp":"2024-11-09T19:32:36.693Z"}
{"level":"info","message":"Initial admin account created successfully","timestamp":"2024-11-09T19:40:06.871Z"}
{"level":"info","message":"Initial admin account created successfully","timestamp":"2024-11-09T19:42:06.417Z"}
{"level":"info","message":"Admin Email:","timestamp":"2024-11-09T19:42:06.420Z"}
{"level":"info","message":"Admin Password:","timestamp":"2024-11-09T19:42:06.420Z"}
{"base32":"JUZTC42BMRKW45S2FE7GENTRONLTKYRT","level":"info","message":"MFA Secret:","otpauthUrl":"otpauth://totp/SecureVaultPro?secret=JUZTC42BMRKW45S2FE7GENTRONLTKYRT","timestamp":"2024-11-09T19:42:06.420Z"}
{"level":"info","message":"Please change these credentials after first login","timestamp":"2024-11-09T19:42:06.421Z"}
{"level":"info","message":"QR Code URL:","timestamp":"2024-11-09T19:42:06.421Z"}
{"level":"info","message":"Initial admin account created successfully","timestamp":"2024-11-09T19:46:50.074Z"}
{"level":"info","message":"Admin Email:","timestamp":"2024-11-09T19:46:50.081Z"}
{"level":"info","message":"Admin Password:","timestamp":"2024-11-09T19:46:50.081Z"}
{"base32":"IVNUGSTMHBEXUTSTJVSEI4L5EVTW2MLJ","level":"info","message":"MFA Secret:","otpauthUrl":"otpauth://totp/SecureVaultPro?secret=IVNUGSTMHBEXUTSTJVSEI4L5EVTW2MLJ","timestamp":"2024-11-09T19:46:50.081Z"}
{"level":"info","message":"Please change these credentials after first login","timestamp":"2024-11-09T19:46:50.081Z"}
{"level":"info","message":"QR Code URL:","timestamp":"2024-11-09T19:46:50.081Z"}
{"level":"info","message":"Initial admin account created successfully","timestamp":"2024-11-09T19:47:15.660Z"}
{"level":"info","message":"Admin Email:","timestamp":"2024-11-09T19:47:15.662Z"}
{"level":"info","message":"Admin Password:","timestamp":"2024-11-09T19:47:15.662Z"}
{"base32":"GJSHWI35GQUSSL2UINED44RZKNKGWKTG","level":"info","message":"MFA Secret:","otpauthUrl":"otpauth://totp/SecureVaultPro?secret=GJSHWI35GQUSSL2UINED44RZKNKGWKTG","timestamp":"2024-11-09T19:47:15.662Z"}
{"level":"info","message":"Please change these credentials after first login","timestamp":"2024-11-09T19:47:15.663Z"}
{"level":"info","message":"QR Code URL:","timestamp":"2024-11-09T19:47:15.663Z"}
{"level":"error","message":"Invalid or inactive user","timestamp":"2024-11-09T19:52:59.064Z"}
{"details":null,"level":"error","status":"fail","statusCode":401,"timestamp":"2024-11-09T19:52:59.066Z"}
{"level":"info","message":"Initial admin account created successfully","timestamp":"2024-11-09T20:03:31.512Z"}
{"level":"info","message":"Admin Email:","timestamp":"2024-11-09T20:03:31.518Z"}
{"level":"info","message":"Admin Password:","timestamp":"2024-11-09T20:03:31.518Z"}
{"base32":"EY3DIJTRGAVHGNCGPNUVIJJJNNYGYUDJ","level":"info","message":"MFA Secret:","otpauthUrl":"otpauth://totp/SecureVaultPro?secret=EY3DIJTRGAVHGNCGPNUVIJJJNNYGYUDJ","timestamp":"2024-11-09T20:03:31.518Z"}
{"level":"info","message":"Please change these credentials after first login","timestamp":"2024-11-09T20:03:31.518Z"}
{"level":"info","message":"QR Code URL:","timestamp":"2024-11-09T20:03:31.518Z"}
{"level":"error","message":"No user","timestamp":"2024-11-09T20:05:41.043Z"}
{"level":"error","message":"Error generating authentication options: No user","timestamp":"2024-11-09T20:05:41.047Z"}
{"details":null,"level":"error","status":"error","statusCode":500,"timestamp":"2024-11-09T20:05:41.048Z"}
{"level":"info","message":"Initial admin account created successfully","timestamp":"2024-11-09T20:23:49.901Z"}
{"level":"info","message":"Admin Email:","timestamp":"2024-11-09T20:23:49.912Z"}
{"level":"info","message":"Admin Password:","timestamp":"2024-11-09T20:23:49.912Z"}
{"base32":"ORYCCV2TLBQSKXR6HREVUSBFFFEEYZRO","level":"info","message":"MFA Secret:","otpauthUrl":"otpauth://totp/SecureVaultPro?secret=ORYCCV2TLBQSKXR6HREVUSBFFFEEYZRO","timestamp":"2024-11-09T20:23:49.912Z"}
{"level":"info","message":"Please change these credentials after first login","timestamp":"2024-11-09T20:23:49.912Z"}
{"level":"info","message":"QR Code URL:","timestamp":"2024-11-09T20:23:49.913Z"}
{"level":"error","message":"Invalid or inactive user","timestamp":"2024-11-09T20:25:55.809Z"}
{"details":null,"level":"error","status":"fail","statusCode":401,"timestamp":"2024-11-09T20:25:55.812Z"}
{"level":"error","message":"Invalid or inactive user","timestamp":"2024-11-09T20:25:56.129Z"}
{"details":null,"level":"error","status":"fail","statusCode":401,"timestamp":"2024-11-09T20:25:56.130Z"}
{"level":"info","message":"Initial admin account created successfully","timestamp":"2024-11-09T20:28:33.699Z"}
{"level":"info","message":"Admin Email:","timestamp":"2024-11-09T20:28:33.703Z"}
{"level":"info","message":"Admin Password:","timestamp":"2024-11-09T20:28:33.703Z"}
{"base32":"EMZWY6TGMVWT6PSYEVHHIURGFBAFAYLW","level":"info","message":"MFA Secret:","otpauthUrl":"otpauth://totp/SecureVaultPro?secret=EMZWY6TGMVWT6PSYEVHHIURGFBAFAYLW","timestamp":"2024-11-09T20:28:33.703Z"}
{"level":"info","message":"Please change these credentials after first login","timestamp":"2024-11-09T20:28:33.704Z"}
{"level":"info","message":"QR Code URL:","timestamp":"2024-11-09T20:28:33.704Z"}
{"level":"error","message":"Email or Employee ID already registered","timestamp":"2024-11-09T20:30:41.965Z"}
{"details":null,"level":"error","status":"fail","statusCode":401,"timestamp":"2024-11-09T20:30:41.969Z"}
{"level":"error","message":"No security keys assigned to this user","timestamp":"2024-11-09T20:30:57.154Z"}
{"level":"error","message":"Error generating authentication options: No security keys assigned to this user","timestamp":"2024-11-09T20:30:57.154Z"}
{"details":null,"level":"error","status":"error","statusCode":500,"timestamp":"2024-11-09T20:30:57.155Z"}
{"level":"error","message":"No security keys assigned to this user","timestamp":"2024-11-09T20:32:58.971Z"}
{"level":"error","message":"Error generating authentication options: No security keys assigned to this user","timestamp":"2024-11-09T20:32:58.973Z"}
{"details":null,"level":"error","status":"error","statusCode":500,"timestamp":"2024-11-09T20:32:58.974Z"}
{"level":"error","message":"Email or Employee ID already registered","timestamp":"2024-11-09T21:03:44.475Z"}
{"details":null,"level":"error","status":"fail","statusCode":401,"timestamp":"2024-11-09T21:03:44.480Z"}
{"level":"error","message":"User not found","timestamp":"2024-11-09T21:03:52.306Z"}
{"details":null,"level":"error","status":"fail","statusCode":404,"timestamp":"2024-11-09T21:03:52.307Z"}
{"level":"error","message":"No security keys assigned to this user","timestamp":"2024-11-09T21:04:01.465Z"}
{"level":"error","message":"Error generating authentication options: No security keys assigned to this user","timestamp":"2024-11-09T21:04:01.467Z"}
{"details":null,"level":"error","status":"error","statusCode":500,"timestamp":"2024-11-09T21:04:01.467Z"}
{"level":"error","message":"Error verifying registration: clientData challenge mismatch","timestamp":"2024-11-09T21:04:33.949Z"}
{"details":null,"level":"error","status":"error","statusCode":500,"timestamp":"2024-11-09T21:04:33.950Z"}
{"level":"error","message":"Error verifying registration: clientData challenge mismatch","timestamp":"2024-11-09T21:07:32.359Z"}
{"details":null,"level":"error","status":"error","statusCode":500,"timestamp":"2024-11-09T21:07:32.360Z"}
{"level":"info","message":"Initial admin account created successfully","timestamp":"2024-11-09T21:08:44.809Z"}
{"level":"info","message":"Admin Email:","timestamp":"2024-11-09T21:08:44.811Z"}
{"level":"info","message":"Admin Password:","timestamp":"2024-11-09T21:08:44.811Z"}
{"base32":"JVNTWWRJJVHTYYJ6KRXGSRRMMVAESY2A","level":"info","message":"MFA Secret:","otpauthUrl":"otpauth://totp/SecureVaultPro?secret=JVNTWWRJJVHTYYJ6KRXGSRRMMVAESY2A","timestamp":"2024-11-09T21:08:44.811Z"}
{"level":"info","message":"Please change these credentials after first login","timestamp":"2024-11-09T21:08:44.812Z"}
{"level":"info","message":"QR Code URL:","timestamp":"2024-11-09T21:08:44.812Z"}
{"level":"error","message":"No security keys assigned to this user","timestamp":"2024-11-09T21:10:09.146Z"}
{"level":"error","message":"Error generating authentication options: No security keys assigned to this user","timestamp":"2024-11-09T21:10:09.146Z"}
{"details":null,"level":"error","status":"error","statusCode":500,"timestamp":"2024-11-09T21:10:09.148Z"}
