{"details":null,"level":"error","status":"error","statusCode":500,"timestamp":"2024-11-09T18:35:44.697Z"}
{"level":"error","timestamp":"2024-11-09T18:38:36.974Z"}
{"details":null,"level":"error","status":"error","statusCode":500,"timestamp":"2024-11-09T18:38:36.975Z"}
{"level":"error","timestamp":"2024-11-09T18:40:17.494Z"}
{"details":null,"level":"error","status":"error","statusCode":500,"timestamp":"2024-11-09T18:40:17.498Z"}
{"level":"error","timestamp":"2024-11-09T18:41:14.478Z"}
{"details":null,"level":"error","status":"error","statusCode":500,"timestamp":"2024-11-09T18:41:14.481Z"}
{"level":"error","timestamp":"2024-11-09T18:41:33.608Z"}
{"details":null,"level":"error","status":"error","statusCode":500,"timestamp":"2024-11-09T18:41:33.610Z"}
{"level":"error","timestamp":"2024-11-09T18:41:40.498Z"}
{"details":null,"level":"error","status":"error","statusCode":500,"timestamp":"2024-11-09T18:41:40.500Z"}
{"level":"error","timestamp":"2024-11-09T18:43:19.344Z"}
{"details":null,"level":"error","status":"error","statusCode":500,"timestamp":"2024-11-09T18:43:19.347Z"}
{"level":"error","message":"Error generating authentication options: Cast to ObjectId failed for value \"{\n  keyId: '672f7b34fb8d9f28838c7780',\n  revokedBy: '672deebf288fa5fed50a8841'\n}\" (type Object) at path \"_id\" for model \"SecurityKey\"","timestamp":"2024-11-09T18:43:30.461Z"}
{"details":null,"level":"error","status":"error","statusCode":500,"timestamp":"2024-11-09T18:43:30.462Z"}
{"level":"error","message":"Error generating authentication options: Cast to ObjectId failed for value \"{\n  keyId: '672f7b34fb8d9f28838c7780',\n  revokedBy: '672deebf288fa5fed50a8841'\n}\" (type Object) at path \"_id\" for model \"SecurityKey\"","timestamp":"2024-11-09T18:45:47.144Z"}
{"details":null,"level":"error","status":"error","statusCode":500,"timestamp":"2024-11-09T18:45:47.144Z"}
{"level":"error","message":"Error generating authentication options: Cast to ObjectId failed for value \"{\n  keyId: '672f7b34fb8d9f28838c7780',\n  revokedBy: '672deebf288fa5fed50a8841'\n}\" (type Object) at path \"_id\" for model \"SecurityKey\"","timestamp":"2024-11-09T18:48:31.486Z"}
{"details":null,"level":"error","status":"error","statusCode":500,"timestamp":"2024-11-09T18:48:31.487Z"}
{"level":"error","message":"No security keys assigned to this user","timestamp":"2024-11-09T18:50:22.130Z"}
{"level":"error","message":"Error generating authentication options: No security keys assigned to this user","timestamp":"2024-11-09T18:50:22.132Z"}
{"details":null,"level":"error","status":"error","statusCode":500,"timestamp":"2024-11-09T18:50:22.132Z"}
{"level":"error","message":"No security keys assigned to this user","timestamp":"2024-11-09T18:50:25.464Z"}
{"level":"error","message":"Error generating authentication options: No security keys assigned to this user","timestamp":"2024-11-09T18:50:25.466Z"}
{"details":null,"level":"error","status":"error","statusCode":500,"timestamp":"2024-11-09T18:50:25.467Z"}
{"level":"error","message":"Error verifying registration: this.isAvailableForAssignment is not a function","timestamp":"2024-11-09T18:50:35.491Z"}
{"details":null,"level":"error","status":"error","statusCode":500,"timestamp":"2024-11-09T18:50:35.492Z"}
{"level":"error","message":"No security key","timestamp":"2024-11-09T19:16:00.238Z"}
{"level":"error","message":"Error generating authentication options: No security key","timestamp":"2024-11-09T19:16:00.239Z"}
{"details":null,"level":"error","status":"error","statusCode":500,"timestamp":"2024-11-09T19:16:00.240Z"}
{"level":"error","message":"No security key","timestamp":"2024-11-09T19:16:05.826Z"}
{"level":"error","message":"Error generating authentication options: No security key","timestamp":"2024-11-09T19:16:05.828Z"}
{"details":null,"level":"error","status":"error","statusCode":500,"timestamp":"2024-11-09T19:16:05.828Z"}
{"level":"error","message":"No security key","timestamp":"2024-11-09T19:16:06.999Z"}
{"level":"error","message":"Error generating authentication options: No security key","timestamp":"2024-11-09T19:16:07.001Z"}
{"details":null,"level":"error","status":"error","statusCode":500,"timestamp":"2024-11-09T19:16:07.001Z"}
{"level":"error","message":"No security key","timestamp":"2024-11-09T19:16:59.595Z"}
{"level":"error","message":"Error generating authentication options: No security key","timestamp":"2024-11-09T19:16:59.595Z"}
{"details":null,"level":"error","status":"error","statusCode":500,"timestamp":"2024-11-09T19:16:59.596Z"}
